{
  "stats": {
    "suites": 1,
    "tests": 1,
    "passes": 1,
    "pending": 0,
    "failures": 0,
    "start": "2021-05-05T07:41:44.191Z",
    "end": "2021-05-05T07:42:08.542Z",
    "duration": 24351,
    "testsRegistered": 1,
    "passPercent": 100,
    "pendingPercent": 0,
    "other": 0,
    "hasOther": false,
    "skipped": 0,
    "hasSkipped": false
  },
  "results": [
    {
      "uuid": "2aea0ff1-e833-423a-9670-70d63b86b3ad",
      "title": "",
      "fullFile": "cypress/integration/examples/connectionAccount.spec.js",
      "file": "cypress/integration/examples/connectionAccount.spec.js",
      "beforeHooks": [],
      "afterHooks": [],
      "tests": [],
      "suites": [
        {
          "uuid": "5d5c1278-ac66-4908-b4e7-58d037a3fcf4",
          "title": "Connection on a existing account Back Market",
          "fullFile": "",
          "file": "",
          "beforeHooks": [],
          "afterHooks": [],
          "tests": [
            {
              "title": "Connection with existing account",
              "fullTitle": "Connection on a existing account Back Market Connection with existing account",
              "timedOut": null,
              "duration": 17863,
              "state": "passed",
              "speed": "slow",
              "pass": true,
              "fail": false,
              "pending": false,
              "context": null,
              "code": "cy.visit('https://preprod.backmarket.fr/register');\ncy.title().should('eq', 'Rejoignez Back Market | Back Market');\ncy.wait(3000);\ncy.get('#email-signin').click().type('slow.typing@email.com');\ncy.get('#email-signin').should('have.value', 'slow.typing@email.com');\ncy.get('#password-signin').type('Wildcodeschool123');\ncy.get('[data-test=copy-wrap]').click({\n  multiple: true\n});\ncy.wait(5000);\ncy.title().should('contain', 'Back Market');",
              "err": {},
              "uuid": "67b048e9-c751-4c57-8f39-1303c6c3b575",
              "parentUUID": "5d5c1278-ac66-4908-b4e7-58d037a3fcf4",
              "isHook": false,
              "skipped": false
            }
          ],
          "suites": [],
          "passes": [
            "67b048e9-c751-4c57-8f39-1303c6c3b575"
          ],
          "failures": [],
          "pending": [],
          "skipped": [],
          "duration": 17863,
          "root": false,
          "rootEmpty": false,
          "_timeout": 2000
        }
      ],
      "passes": [],
      "failures": [],
      "pending": [],
      "skipped": [],
      "duration": 0,
      "root": true,
      "rootEmpty": true,
      "_timeout": 2000
    }
  ],
  "meta": {
    "mocha": {
      "version": "7.0.1"
    },
    "mochawesome": {
      "options": {
        "quiet": false,
        "reportFilename": "mochawesome",
        "saveHtml": false,
        "saveJson": true,
        "consoleReporter": "spec",
        "useInlineDiffs": false,
        "code": true
      },
      "version": "6.2.2"
    },
    "marge": {
      "options": {
        "reportDir": "cypress/results",
        "overwrite": false,
        "html": false,
        "json": true
      },
      "version": "5.2.0"
    }
  }
}